<?xml version="1.0" encoding="utf-8" standalone="no"?>
<!--This file represents the results of running a test suite-->
<test-results name="C:\Users\Chad\src\resque-sharp\tests\bin\Release\tests.dll" total="2" errors="1" failures="0" not-run="0" inconclusive="0" ignored="0" skipped="0" invalid="0" date="2010-02-05" time="16:01:45">
  <environment nunit-version="2.5.3.9345" clr-version="2.0.50727.4927" os-version="Microsoft Windows NT 6.1.7600.0" platform="Win32NT" cwd="C:\Users\Chad\src\resque-sharp\resque-sharp" machine-name="OWNER-PC" user="Chad" user-domain="owner-PC" />
  <culture-info current-culture="en-US" current-uiculture="en-US" />
  <test-suite name="C:\Users\Chad\src\resque-sharp\tests\bin\Release\tests.dll" executed="True" success="False" time="0.130" asserts="0">
    <results>
      <test-suite name="resque" executed="True" success="False" time="0.127" asserts="0">
        <results>
          <test-suite name="ResqueTest" executed="True" success="False" time="0.123" asserts="0">
            <results>
              <test-case name="resque.ResqueTest.CanGrabJobsOffAQueue" executed="True" success="False" time="0.065" asserts="1">
                <failure>
                  <message><![CDATA[System.InvalidCastException : Specified cast is not valid.]]></message>
                  <stack-trace><![CDATA[at resque.ResqueTest.CanGrabJobsOffAQueue() in C:\Users\Chad\src\resque-sharp\tests\ResqueTest.cs:line 34
]]></stack-trace>
                </failure>
              </test-case>
              <test-case name="resque.ResqueTest.CanPutJobsOnAQueue" executed="True" success="True" time="0.058" asserts="2" />
            </results>
          </test-suite>
        </results>
      </test-suite>
    </results>
  </test-suite>
</test-results>